[INFO ] 2023-01-15 12:16:54.353 [main] Login - Launch site
[INFO ] 2023-01-15 12:16:54.362 [main] Login - User gets title of page
[INFO ] 2023-01-15 12:16:54.367 [main] Login - Page Title matches
[INFO ] 2023-01-15 12:16:58.081 [main] Login - Launch site
[INFO ] 2023-01-15 12:16:58.183 [main] Login - User enters uname
[INFO ] 2023-01-15 12:16:59.039 [main] Login - User enters pwd
[INFO ] 2023-01-15 12:17:00.965 [main] Login - User gets title of page
[INFO ] 2023-01-15 12:17:00.966 [main] Login - Page Title matches
[INFO ] 2023-01-15 18:22:03.004 [main] Login - Launch site
[INFO ] 2023-01-15 18:22:03.014 [main] Login - User gets title of page
[INFO ] 2023-01-15 18:22:03.018 [main] Login - Page Title matches
[INFO ] 2023-01-15 18:22:06.722 [main] Login - Launch site
[INFO ] 2023-01-15 18:22:06.821 [main] Login - User enters uname
[INFO ] 2023-01-15 18:22:07.912 [main] Login - User enters pwd
[INFO ] 2023-01-15 18:22:09.481 [main] Login - User gets title of page
[INFO ] 2023-01-15 18:22:09.483 [main] Login - Page Title matches
[INFO ] 2023-01-15 18:37:41.569 [main] Login - Launch site
[INFO ] 2023-01-15 18:37:47.419 [main] Login - Launch site
[INFO ] 2023-01-15 18:37:49.949 [main] Login - Launch site
[INFO ] 2023-01-15 18:37:49.965 [main] Login - User gets title of page
[INFO ] 2023-01-15 18:37:49.968 [main] Login - Page Title matches
[INFO ] 2023-01-15 18:37:53.315 [main] Login - Launch site
[INFO ] 2023-01-15 18:37:53.425 [main] Login - User enters uname
[INFO ] 2023-01-15 18:37:54.483 [main] Login - User enters pwd
[INFO ] 2023-01-15 18:37:54.588 [main] Login - User gets title of page
[INFO ] 2023-01-15 18:37:54.589 [main] Login - Page Title matches
[INFO ] 2023-01-15 18:39:46.329 [main] Login - Launch site
[INFO ] 2023-01-15 18:39:52.423 [main] Login - Launch site
[INFO ] 2023-01-15 18:39:55.279 [main] Login - Launch site
[INFO ] 2023-01-15 18:39:55.286 [main] Login - User gets title of page
[INFO ] 2023-01-15 18:39:55.288 [main] Login - Page Title matches
[INFO ] 2023-01-15 18:39:58.437 [main] Login - Launch site
[INFO ] 2023-01-15 18:39:58.508 [main] Login - User enters uname
[INFO ] 2023-01-15 18:39:59.321 [main] Login - User enters pwd
[INFO ] 2023-01-15 18:39:59.399 [main] Login - User gets title of page
[INFO ] 2023-01-15 18:39:59.400 [main] Login - Page Title matches
[INFO ] 2023-01-15 18:40:47.577 [main] Login - User gets title of page
[INFO ] 2023-01-15 18:40:47.584 [main] Login - Page Title matches
[INFO ] 2023-01-15 18:41:00.437 [main] Login - Launch site
[INFO ] 2023-01-15 18:41:06.130 [main] Login - Launch site
[INFO ] 2023-01-15 18:41:08.425 [main] Login - Launch site
[INFO ] 2023-01-15 18:41:08.430 [main] Login - User gets title of page
[INFO ] 2023-01-15 18:41:08.431 [main] Login - Page Title matches
[INFO ] 2023-01-15 18:41:11.600 [main] Login - Launch site
[INFO ] 2023-01-15 18:41:11.670 [main] Login - User enters uname
[INFO ] 2023-01-15 18:41:12.559 [main] Login - User enters pwd
[INFO ] 2023-01-15 18:41:12.640 [main] Login - User gets title of page
[INFO ] 2023-01-15 18:41:12.641 [main] Login - Page Title matches
[INFO ] 2023-01-15 18:43:01.855 [main] Login - Launch site
[INFO ] 2023-01-15 18:43:07.391 [main] Login - Launch site
[INFO ] 2023-01-15 19:05:43.159 [main] Login - Launch site
[INFO ] 2023-01-15 19:05:50.211 [main] Login - Launch site
[INFO ] 2023-01-15 19:07:42.395 [main] Login - Launch site
[INFO ] 2023-01-15 19:07:57.059 [main] Login - Launch site
[INFO ] 2023-01-15 19:08:40.957 [main] Login - User gets title of page
[INFO ] 2023-01-15 19:08:40.964 [main] Login - Page Title matches
[INFO ] 2023-01-15 19:09:00.771 [main] Login - Launch site
[INFO ] 2023-01-15 19:09:12.402 [main] Login - Launch site
[INFO ] 2023-01-15 19:09:19.003 [main] Login - Launch site
[INFO ] 2023-01-15 19:09:19.017 [main] Login - User gets title of page
[INFO ] 2023-01-15 19:09:19.019 [main] Login - Page Title matches
[INFO ] 2023-01-15 19:09:23.267 [main] Login - Launch site
[INFO ] 2023-01-15 19:09:23.457 [main] Login - User enters uname
[INFO ] 2023-01-15 19:09:24.781 [main] Login - User enters pwd
[INFO ] 2023-01-15 19:09:27.008 [main] Login - User gets title of page
[INFO ] 2023-01-15 19:09:27.009 [main] Login - Page Title matches
[INFO ] 2023-01-15 19:24:09.256 [main] Login - User gets title of page
[INFO ] 2023-01-15 19:24:09.268 [main] Login - Page Title matches
[INFO ] 2023-01-15 19:24:29.542 [main] Login - Launch site
[INFO ] 2023-01-15 19:24:41.558 [main] Login - Launch site
[INFO ] 2023-01-15 19:24:48.357 [main] Login - Launch site
[INFO ] 2023-01-15 19:24:48.370 [main] Login - User gets title of page
[INFO ] 2023-01-15 19:24:48.371 [main] Login - Page Title matches
[INFO ] 2023-01-15 19:24:52.480 [main] Login - Launch site
[INFO ] 2023-01-15 19:24:52.717 [main] Login - User enters uname
[INFO ] 2023-01-15 19:24:54.148 [main] Login - User enters pwd
[INFO ] 2023-01-15 19:24:56.079 [main] Login - User gets title of page
[INFO ] 2023-01-15 19:24:56.080 [main] Login - Page Title matches
[INFO ] 2023-01-15 19:26:49.742 [main] Login - User gets title of page
[INFO ] 2023-01-15 19:26:49.754 [main] Login - Page Title matches
[INFO ] 2023-01-15 19:27:05.760 [main] Login - Launch site
[INFO ] 2023-01-15 19:27:22.299 [main] Login - Launch site
[INFO ] 2023-01-15 19:27:22.309 [main] Login - User gets title of page
[INFO ] 2023-01-15 19:27:22.310 [main] Login - Page Title matches
[INFO ] 2023-01-15 19:27:26.313 [main] Login - Launch site
[INFO ] 2023-01-15 19:27:26.436 [main] Login - User enters uname
[INFO ] 2023-01-15 19:27:27.740 [main] Login - User enters pwd
[INFO ] 2023-01-15 19:27:29.650 [main] Login - User gets title of page
[INFO ] 2023-01-15 19:27:29.651 [main] Login - Page Title matches
[INFO ] 2023-01-15 19:28:09.651 [main] Login - User gets title of page
[INFO ] 2023-01-15 19:28:09.661 [main] Login - Page Title matches
[INFO ] 2023-01-15 19:28:25.362 [main] Login - Launch site
[INFO ] 2023-01-15 19:28:35.642 [main] Login - Launch site
[INFO ] 2023-01-15 19:28:41.252 [main] Login - Launch site
[INFO ] 2023-01-15 19:28:41.263 [main] Login - User gets title of page
[INFO ] 2023-01-15 19:28:41.265 [main] Login - Page Title matches
[INFO ] 2023-01-15 19:28:45.197 [main] Login - Launch site
[INFO ] 2023-01-15 19:28:45.333 [main] Login - User enters uname
[INFO ] 2023-01-15 19:28:46.685 [main] Login - User enters pwd
[INFO ] 2023-01-15 19:28:48.677 [main] Login - User gets title of page
[INFO ] 2023-01-15 19:28:48.678 [main] Login - Page Title matches
[INFO ] 2023-01-15 19:30:39.589 [main] Login - User gets title of page
[INFO ] 2023-01-15 19:30:39.601 [main] Login - Page Title matches
[INFO ] 2023-01-15 19:30:54.783 [main] Login - Launch site
[INFO ] 2023-01-15 19:31:10.637 [main] Login - Launch site
[INFO ] 2023-01-15 19:31:18.946 [main] Login - Launch site
[INFO ] 2023-01-15 19:31:18.952 [main] Login - User gets title of page
[INFO ] 2023-01-15 19:31:18.954 [main] Login - Page Title matches
[INFO ] 2023-01-15 19:31:22.886 [main] Login - Launch site
[INFO ] 2023-01-15 19:31:22.995 [main] Login - User enters uname
[INFO ] 2023-01-15 19:31:23.818 [main] Login - User enters pwd
[INFO ] 2023-01-15 19:31:25.721 [main] Login - User gets title of page
[INFO ] 2023-01-15 19:31:25.723 [main] Login - Page Title matches
